Initialized native services in: /home/soonman/.gradle/native
Initialized jansi services in: /home/soonman/.gradle/native
Found daemon DaemonInfo{pid=40505, address=[307cfce6-b73d-4199-871b-709105625d21 port:39261, addresses:[/127.0.0.1]], state=Idle, lastBusy=1757527954174, context=DefaultDaemonContext[uid=398e382c-15d6-4f88-b63c-c197c94cf238,javaHome=/usr/lib/jvm/jdk-9,javaVersion=9,javaVendor=Oracle Corporation,daemonRegistryDir=/home/soonman/.gradle/daemon,pid=40505,idleTimeout=10800000,priority=NORMAL,applyInstrumentationAgent=true,nativeServicesMode=ENABLED,daemonOpts=-XX:MaxMetaspaceSize=384m,-XX:+HeapDumpOnOutOfMemoryError,-Xms256m,-Xmx512m,-Dfile.encoding=UTF-8,-Duser.country,-Duser.language=en,-Duser.variant]} however its context does not match the desired criteria.
JVM is incompatible.
Wanted: DaemonRequestContext{jvmCriteria=/usr/lib/jvm/java-17-openjdk-amd64 (no JDK specified, using current Java home), daemonOpts=[-XX:MaxMetaspaceSize=384m, -XX:+HeapDumpOnOutOfMemoryError, -Xms256m, -Xmx512m, -Dfile.encoding=UTF-8, -Duser.country, -Duser.language=en, -Duser.variant], applyInstrumentationAgent=true, nativeServicesMode=ENABLED, priority=NORMAL}
Actual: DefaultDaemonContext[uid=398e382c-15d6-4f88-b63c-c197c94cf238,javaHome=/usr/lib/jvm/jdk-9,javaVersion=9,javaVendor=Oracle Corporation,daemonRegistryDir=/home/soonman/.gradle/daemon,pid=40505,idleTimeout=10800000,priority=NORMAL,applyInstrumentationAgent=true,nativeServicesMode=ENABLED,daemonOpts=-XX:MaxMetaspaceSize=384m,-XX:+HeapDumpOnOutOfMemoryError,-Xms256m,-Xmx512m,-Dfile.encoding=UTF-8,-Duser.country,-Duser.language=en,-Duser.variant]

  Looking for a different daemon...
The client will now receive all logging from the daemon (pid: 40673). The daemon log file: /home/soonman/.gradle/daemon/8.14.3/daemon-40673.out.log
Starting 14th build in daemon [uptime: 47 mins 21.532 secs, performance: 100%, GC rate: 0.00/s, heap usage: 0% of 512 MiB, non-heap usage: 26% of 384 MiB]
Using 12 worker leases.
Now considering [/home/soonman/youtube-clone/backend] as hierarchies to watch
Watching the file system is configured to be enabled if available
File system watching is active
Starting Build
Settings evaluated using settings file '/home/soonman/youtube-clone/backend/settings.gradle'.
Projects loaded. Root project using build file '/home/soonman/youtube-clone/backend/build.gradle'.
Included projects: [root project 'backend']

> Configure project :
Evaluating root project 'backend' using build file '/home/soonman/youtube-clone/backend/build.gradle'.
Resolved plugin [id: 'java']
Resolved plugin [id: 'org.springframework.boot', version: '3.5.5']
Resolved plugin [id: 'io.spring.dependency-management', version: '1.1.7']
Applying dependency management to configuration 'annotationProcessor' in project 'backend'
Applying dependency management to configuration 'apiElements' in project 'backend'
Applying dependency management to configuration 'archives' in project 'backend'
Applying dependency management to configuration 'bootArchives' in project 'backend'
Applying dependency management to configuration 'compileClasspath' in project 'backend'
Applying dependency management to configuration 'compileOnly' in project 'backend'
Applying dependency management to configuration 'default' in project 'backend'
Applying dependency management to configuration 'developmentOnly' in project 'backend'
Applying dependency management to configuration 'implementation' in project 'backend'
Applying dependency management to configuration 'mainSourceElements' in project 'backend'
Applying dependency management to configuration 'productionRuntimeClasspath' in project 'backend'
Applying dependency management to configuration 'runtimeClasspath' in project 'backend'
Applying dependency management to configuration 'runtimeElements' in project 'backend'
Applying dependency management to configuration 'runtimeOnly' in project 'backend'
Applying dependency management to configuration 'testAndDevelopmentOnly' in project 'backend'
Applying dependency management to configuration 'testAnnotationProcessor' in project 'backend'
Applying dependency management to configuration 'testCompileClasspath' in project 'backend'
Applying dependency management to configuration 'testCompileOnly' in project 'backend'
Applying dependency management to configuration 'testImplementation' in project 'backend'
Applying dependency management to configuration 'testResultsElementsForTest' in project 'backend'
Applying dependency management to configuration 'testRuntimeClasspath' in project 'backend'
Applying dependency management to configuration 'testRuntimeOnly' in project 'backend'
All projects evaluated.
Task name matched 'bootRun'
Selected primary task 'bootRun' from project :
Path for java installation '/usr/lib/jvm/openjdk-17' (Common Linux Locations) auto-detected does not contain a java executable
Resolving global dependency management for project 'backend'
Excluding [com.google.protobuf:protobuf-java]
Excluding []
Excluding []
Excluding []
Excluding []
Tasks to be executed: [task ':compileJava', task ':processResources', task ':classes', task ':resolveMainClassName', task ':bootRun']
Tasks that were excluded: []
Resolve mutations for :compileJava (Thread[Execution worker,5,main]) started.
:compileJava (Thread[Execution worker,5,main]) started.

> Task :compileJava UP-TO-DATE
Custom actions are attached to task ':compileJava'.
Caching disabled for task ':compileJava' because:
  Build cache is disabled
Skipping task ':compileJava' as it is up-to-date.
Resolve mutations for :processResources (Thread[Execution worker,5,main]) started.
:processResources (Thread[Execution worker,5,main]) started.

> Task :processResources UP-TO-DATE
Caching disabled for task ':processResources' because:
  Build cache is disabled
  Not worth caching
Skipping task ':processResources' as it is up-to-date.
Resolve mutations for :classes (Thread[Execution worker,5,main]) started.
:classes (Thread[Execution worker,5,main]) started.

> Task :classes UP-TO-DATE
Skipping task ':classes' as it has no actions.
Resolve mutations for :resolveMainClassName (Thread[Execution worker,5,main]) started.
:resolveMainClassName (Thread[Execution worker,5,main]) started.

> Task :resolveMainClassName UP-TO-DATE
Caching disabled for task ':resolveMainClassName' because:
  Build cache is disabled
  Not worth caching
Skipping task ':resolveMainClassName' as it is up-to-date.
Resolve mutations for :bootRun (Thread[Execution worker,5,main]) started.
:bootRun (Thread[Execution worker,5,main]) started.

> Task :bootRun FAILED
Caching disabled for task ':bootRun' because:
  Build cache is disabled
Task ':bootRun' is not up-to-date because:
  Task has not declared any outputs despite executing actions.
Starting process 'command '/usr/lib/jvm/java-17-openjdk-amd64/bin/java''. Working directory: /home/soonman/youtube-clone/backend Command: /usr/lib/jvm/java-17-openjdk-amd64/bin/java -XX:TieredStopAtLevel=1 -Dfile.encoding=UTF-8 -Duser.country -Duser.language=en -Duser.variant -cp /home/soonman/youtube-clone/backend/build/classes/java/main:/home/soonman/youtube-clone/backend/build/resources/main:/home/soonman/.gradle/caches/modules-2/files-2.1/com.mysql/mysql-connector-j/9.4.0/8f6c66269048fbd2316b7b45d75898ebee44986f/mysql-connector-j-9.4.0.jar:/home/soonman/.gradle/caches/modules-2/files-2.1/org.springframework.data/spring-data-elasticsearch/5.5.3/a4a2740bc59e5215c23384f7f07d9b13f0473cfa/spring-data-elasticsearch-5.5.3.jar:/home/soonman/.gradle/caches/modules-2/files-2.1/org.hibernate.orm/hibernate-core/6.6.26.Final/4a89014a34c7c46d15da49de85aa879c603c962/hibernate-core-6.6.26.Final.jar:/home/soonman/.gradle/caches/modules-2/files-2.1/org.springframework.data/spring-data-jpa/3.5.3/ed2764475a3c53fec8d1b844f9700ce6427b29dc/spring-data-jpa-3.5.3.jar:/home/soonman/.gradle/caches/modules-2/files-2.1/org.springframework/spring-aspects/6.2.10/34303b4c9a50261522dbce2d4c3c659660b3c33/spring-aspects-6.2.10.jar:/home/soonman/.gradle/caches/modules-2/files-2.1/org.springframework/spring-webmvc/6.2.10/d3491aedc2636378cd273f6266d49f43a8b3e241/spring-webmvc-6.2.10.jar:/home/soonman/.gradle/caches/modules-2/files-2.1/org.springframework/spring-web/6.2.10/38c2f6633a44b385b6263294c38e5a4f217c005c/spring-web-6.2.10.jar:/home/soonman/.gradle/caches/modules-2/files-2.1/org.springframework.boot/spring-boot-autoconfigure/3.5.5/348f4fb99d61a1ea039a44ec667b61657adb54b2/spring-boot-autoconfigure-3.5.5.jar:/home/soonman/.gradle/caches/modules-2/files-2.1/org.springframework.boot/spring-boot/3.5.5/7d50b76ea4905d6c61fea5cb6556bc735c55da1/spring-boot-3.5.5.jar:/home/soonman/.gradle/caches/modules-2/files-2.1/jakarta.annotation/jakarta.annotation-api/2.1.1/48b9bda22b091b1f48b13af03fe36db3be6e1ae3/jakarta.annotation-api-2.1.1.jar:/home/soonman/.gradle/caches/modules-2/files-2.1/org.springframework/spring-context/6.2.10/80464a79539a19a00e32eccb041670f34857fe7/spring-context-6.2.10.jar:/home/soonman/.gradle/caches/modules-2/files-2.1/org.springframework/spring-orm/6.2.10/4bf04f4693bfbb56248b0dccc7f5e0ec77f95ca6/spring-orm-6.2.10.jar:/home/soonman/.gradle/caches/modules-2/files-2.1/org.springframework/spring-jdbc/6.2.10/4514e36bf0880464b9b55ecf0ea6ebd7362b664/spring-jdbc-6.2.10.jar:/home/soonman/.gradle/caches/modules-2/files-2.1/org.springframework/spring-tx/6.2.10/bd4915d9862f127b45bae75195622d84f36a5373/spring-tx-6.2.10.jar:/home/soonman/.gradle/caches/modules-2/files-2.1/org.springframework.data/spring-data-commons/3.5.3/886e56cfc383f757f057901dc7c448d8dcc73fed/spring-data-commons-3.5.3.jar:/home/soonman/.gradle/caches/modules-2/files-2.1/org.springframework/spring-aop/6.2.10/2b194c29deaadb71a8a8e5b8b41d9521c29a0d66/spring-aop-6.2.10.jar:/home/soonman/.gradle/caches/modules-2/files-2.1/org.springframework/spring-beans/6.2.10/88ffda89593a74bb356a96ea2ed235ec6e083cfa/spring-beans-6.2.10.jar:/home/soonman/.gradle/caches/modules-2/files-2.1/org.springframework/spring-expression/6.2.10/16bdfead8a73673e395441c14b1868a128fc87c2/spring-expression-6.2.10.jar:/home/soonman/.gradle/caches/modules-2/files-2.1/org.springframework/spring-core/6.2.10/82d9c797f9147b643ac0aab8a1a40e96f8d8a737/spring-core-6.2.10.jar:/home/soonman/.gradle/caches/modules-2/files-2.1/org.yaml/snakeyaml/2.4/e0666b825b796f85521f02360e77f4c92c5a7a07/snakeyaml-2.4.jar:/home/soonman/.gradle/caches/modules-2/files-2.1/co.elastic.clients/elasticsearch-java/8.18.5/c58ac661b0d235bda0ab649b3225347fe6ae3584/elasticsearch-java-8.18.5.jar:/home/soonman/.gradle/caches/modules-2/files-2.1/org.elasticsearch.client/elasticsearch-rest-client/8.18.5/bb407386b3bea863c68588400cbeffedbedb2a60/elasticsearch-rest-client-8.18.5.jar:/home/soonman/.gradle/caches/modules-2/files-2.1/com.fasterxml.jackson.datatype/jackson-datatype-jsr310/2.19.2/72e73f048b36d9df82aef146bf8b2ae63b2e28e2/jackson-datatype-jsr310-2.19.2.jar:/home/soonman/.gradle/caches/modules-2/files-2.1/com.fasterxml.jackson.module/jackson-module-parameter-names/2.19.2/3c4ce467c11364c72ec4967c570fd5a2d1be1d0b/jackson-module-parameter-names-2.19.2.jar:/home/soonman/.gradle/caches/modules-2/files-2.1/com.fasterxml.jackson.core/jackson-annotations/2.19.2/c5381f11988ae3d424b197a26087d86067b6d7d/jackson-annotations-2.19.2.jar:/home/soonman/.gradle/caches/modules-2/files-2.1/com.fasterxml.jackson.datatype/jackson-datatype-jdk8/2.19.2/a720d3946c3a1ab04b780f3b3163d62eee6948a0/jackson-datatype-jdk8-2.19.2.jar:/home/soonman/.gradle/caches/modules-2/files-2.1/com.fasterxml.jackson.core/jackson-databind/2.19.2/46509399d28f57ca32c6bb4b0d4e10e8f062051e/jackson-databind-2.19.2.jar:/home/soonman/.gradle/caches/modules-2/files-2.1/com.fasterxml.jackson.core/jackson-core/2.19.2/50f3b4bd59b9ff51a0ed493e7b5abaf5c39709bf/jackson-core-2.19.2.jar:/home/soonman/.gradle/caches/modules-2/files-2.1/com.zaxxer/HikariCP/6.3.2/d09ad7d252c2a8daaa99ed5f3b0d54f95b9b344/HikariCP-6.3.2.jar:/home/soonman/.gradle/caches/modules-2/files-2.1/ch.qos.logback/logback-classic/1.5.18/fc371f3fc97a639de2d67947cffb7518ec5e3d40/logback-classic-1.5.18.jar:/home/soonman/.gradle/caches/modules-2/files-2.1/org.apache.logging.log4j/log4j-to-slf4j/2.24.3/da1143e2a2531ee1c2d90baa98eb50a28a39d5a7/log4j-to-slf4j-2.24.3.jar:/home/soonman/.gradle/caches/modules-2/files-2.1/org.slf4j/jul-to-slf4j/2.0.17/524cb6ccc2b68a57604750e1ab8b13b5a786a6aa/jul-to-slf4j-2.0.17.jar:/home/soonman/.gradle/caches/modules-2/files-2.1/org.slf4j/slf4j-api/2.0.17/d9e58ac9c7779ba3bf8142aff6c830617a7fe60f/slf4j-api-2.0.17.jar:/home/soonman/.gradle/caches/modules-2/files-2.1/jakarta.persistence/jakarta.persistence-api/3.1.0/66901fa1c373c6aff65c13791cc11da72060a8d6/jakarta.persistence-api-3.1.0.jar:/home/soonman/.gradle/caches/modules-2/files-2.1/jakarta.transaction/jakarta.transaction-api/2.0.1/51a520e3fae406abb84e2e1148e6746ce3f80a1a/jakarta.transaction-api-2.0.1.jar:/home/soonman/.gradle/caches/modules-2/files-2.1/org.jboss.logging/jboss-logging/3.6.1.Final/886afbb445b4016a37c8960a7aef6ebd769ce7e5/jboss-logging-3.6.1.Final.jar:/home/soonman/.gradle/caches/modules-2/files-2.1/org.hibernate.common/hibernate-commons-annotations/7.0.3.Final/e183c4be8bb41d12e9f19b374e00c34a0a85f439/hibernate-commons-annotations-7.0.3.Final.jar:/home/soonman/.gradle/caches/modules-2/files-2.1/io.smallrye/jandex/3.2.0/f17ad860f62a08487b9edabde608f8ac55c62fa7/jandex-3.2.0.jar:/home/soonman/.gradle/caches/modules-2/files-2.1/com.fasterxml/classmate/1.7.0/e98374da1f2143ac8e6e0a95036994bb19137a3/classmate-1.7.0.jar:/home/soonman/.gradle/caches/modules-2/files-2.1/net.bytebuddy/byte-buddy/1.17.7/3856bfab61beb23e099a0d6629f2ba8de4b98ace/byte-buddy-1.17.7.jar:/home/soonman/.gradle/caches/modules-2/files-2.1/org.glassfish.jaxb/jaxb-runtime/4.0.5/ca84c2a7169b5293e232b9d00d1e4e36d4c3914a/jaxb-runtime-4.0.5.jar:/home/soonman/.gradle/caches/modules-2/files-2.1/org.glassfish.jaxb/jaxb-core/4.0.5/7b4b11ea5542eea4ad55e1080b23be436795b3/jaxb-core-4.0.5.jar:/home/soonman/.gradle/caches/modules-2/files-2.1/jakarta.xml.bind/jakarta.xml.bind-api/4.0.2/6cd5a999b834b63238005b7144136379dc36cad2/jakarta.xml.bind-api-4.0.2.jar:/home/soonman/.gradle/caches/modules-2/files-2.1/jakarta.inject/jakarta.inject-api/2.0.1/4c28afe1991a941d7702fe1362c365f0a8641d1e/jakarta.inject-api-2.0.1.jar:/home/soonman/.gradle/caches/modules-2/files-2.1/org.antlr/antlr4-runtime/4.13.0/5a02e48521624faaf5ff4d99afc88b01686af655/antlr4-runtime-4.13.0.jar:/home/soonman/.gradle/caches/modules-2/files-2.1/org.aspectj/aspectjweaver/1.9.24/9b5aeb0cea9f958b9c57fb80e62996e95a3e9379/aspectjweaver-1.9.24.jar:/home/soonman/.gradle/caches/modules-2/files-2.1/org.apache.tomcat.embed/tomcat-embed-websocket/10.1.44/1966a8224858c4b4480469bfcdcaa3f8faf59cc7/tomcat-embed-websocket-10.1.44.jar:/home/soonman/.gradle/caches/modules-2/files-2.1/org.apache.tomcat.embed/tomcat-embed-core/10.1.44/5e18d00936ca925c9249f1a8e77c0e8adf1d6287/tomcat-embed-core-10.1.44.jar:/home/soonman/.gradle/caches/modules-2/files-2.1/org.apache.tomcat.embed/tomcat-embed-el/10.1.44/6ee7685651c5eba1f4bef99f9dbb38b89d1a6cb6/tomcat-embed-el-10.1.44.jar:/home/soonman/.gradle/caches/modules-2/files-2.1/io.micrometer/micrometer-observation/1.15.3/e95d07e329f6d3ecb15a6ba1c5d96c25b9df0a97/micrometer-observation-1.15.3.jar:/home/soonman/.gradle/caches/modules-2/files-2.1/org.springframework/spring-jcl/6.2.10/9ff7e998fe11d991f6b7fd000a0c6583c9e6ffee/spring-jcl-6.2.10.jar:/home/soonman/.gradle/caches/modules-2/files-2.1/io.opentelemetry/opentelemetry-api/1.49.0/caff686096f0f99257c16dda87a3ca45b9f0cd25/opentelemetry-api-1.49.0.jar:/home/soonman/.gradle/caches/modules-2/files-2.1/com.google.code.findbugs/jsr305/3.0.2/25ea2e8b0c338a877313bd4672d3fe056ea78f0d/jsr305-3.0.2.jar:/home/soonman/.gradle/caches/modules-2/files-2.1/org.eclipse.parsson/parsson/1.0.5/f68020271ff70f79412f70ca45973703b6e907c/parsson-1.0.5.jar:/home/soonman/.gradle/caches/modules-2/files-2.1/jakarta.json/jakarta.json-api/2.1.3/4febd83e1d9d1561d078af460ecd19532383735c/jakarta.json-api-2.1.3.jar:/home/soonman/.gradle/caches/modules-2/files-2.1/org.apache.httpcomponents/httpclient/4.5.14/1194890e6f56ec29177673f2f12d0b8e627dec98/httpclient-4.5.14.jar:/home/soonman/.gradle/caches/modules-2/files-2.1/org.apache.httpcomponents/httpcore/4.4.16/51cf043c87253c9f58b539c9f7e44c8894223850/httpcore-4.4.16.jar:/home/soonman/.gradle/caches/modules-2/files-2.1/org.apache.httpcomponents/httpasyncclient/4.1.5/cd18227f1eb8e9a263286c1d7362ceb24f6f9b32/httpasyncclient-4.1.5.jar:/home/soonman/.gradle/caches/modules-2/files-2.1/org.apache.httpcomponents/httpcore-nio/4.4.16/cd21c80a9956be48c4c1cfd2f594ba02857d0927/httpcore-nio-4.4.16.jar:/home/soonman/.gradle/caches/modules-2/files-2.1/commons-codec/commons-codec/1.18.0/ee45d1cf6ec2cc2b809ff04b4dc7aec858e0df8f/commons-codec-1.18.0.jar:/home/soonman/.gradle/caches/modules-2/files-2.1/org.eclipse.angus/angus-activation/2.0.2/41f1e0ddd157c856926ed149ab837d110955a9fc/angus-activation-2.0.2.jar:/home/soonman/.gradle/caches/modules-2/files-2.1/jakarta.activation/jakarta.activation-api/2.1.3/fa165bd70cda600368eee31555222776a46b881f/jakarta.activation-api-2.1.3.jar:/home/soonman/.gradle/caches/modules-2/files-2.1/io.micrometer/micrometer-commons/1.15.3/3a97060d64a54daa11f14365aebc559fa8820281/micrometer-commons-1.15.3.jar:/home/soonman/.gradle/caches/modules-2/files-2.1/ch.qos.logback/logback-core/1.5.18/6c0375624f6f36b4e089e2488ba21334a11ef13f/logback-core-1.5.18.jar:/home/soonman/.gradle/caches/modules-2/files-2.1/org.apache.logging.log4j/log4j-api/2.24.3/b02c125db8b6d295adf72ae6e71af5d83bce2370/log4j-api-2.24.3.jar:/home/soonman/.gradle/caches/modules-2/files-2.1/io.opentelemetry/opentelemetry-context/1.49.0/824271413685e92b21d0554637edb1d4446ba3d0/opentelemetry-context-1.49.0.jar:/home/soonman/.gradle/caches/modules-2/files-2.1/org.glassfish.jaxb/txw2/4.0.5/f36a4ef12120a9bb06d766d6a0e54b144fd7ed98/txw2-4.0.5.jar:/home/soonman/.gradle/caches/modules-2/files-2.1/com.sun.istack/istack-commons-runtime/4.1.2/18ec117c85f3ba0ac65409136afa8e42bc74e739/istack-commons-runtime-4.1.2.jar com.example.backend.BackendApplication
Successfully started process 'command '/usr/lib/jvm/java-17-openjdk-amd64/bin/java''

  .   ____          _            __ _ _
 /\\ / ___'_ __ _ _(_)_ __  __ _ \ \ \ \
( ( )\___ | '_ | '_| | '_ \/ _` | \ \ \ \
 \\/  ___)| |_)| | | | | || (_| |  ) ) ) )
  '  |____| .__|_| |_|_| |_\__, | / / / /
 =========|_|==============|___/=/_/_/_/

 :: Spring Boot ::                (v3.5.5)

2025-09-11T04:00:54.373+09:00  INFO 55277 --- [backend] [           main] com.example.backend.BackendApplication   : Starting BackendApplication using Java 17.0.16 with PID 55277 (/home/soonman/youtube-clone/backend/build/classes/java/main started by soonman in /home/soonman/youtube-clone/backend)
2025-09-11T04:00:54.375+09:00  INFO 55277 --- [backend] [           main] com.example.backend.BackendApplication   : No active profile set, falling back to 1 default profile: "default"
2025-09-11T04:00:54.629+09:00  INFO 55277 --- [backend] [           main] .s.d.r.c.RepositoryConfigurationDelegate : Multiple Spring Data modules found, entering strict repository configuration mode
2025-09-11T04:00:54.629+09:00  INFO 55277 --- [backend] [           main] .s.d.r.c.RepositoryConfigurationDelegate : Bootstrapping Spring Data Elasticsearch repositories in DEFAULT mode.
2025-09-11T04:00:54.637+09:00  INFO 55277 --- [backend] [           main] .s.d.r.c.RepositoryConfigurationDelegate : Finished Spring Data repository scanning in 5 ms. Found 0 Elasticsearch repository interfaces.
2025-09-11T04:00:54.641+09:00  INFO 55277 --- [backend] [           main] .s.d.r.c.RepositoryConfigurationDelegate : Multiple Spring Data modules found, entering strict repository configuration mode
2025-09-11T04:00:54.642+09:00  INFO 55277 --- [backend] [           main] .s.d.r.c.RepositoryConfigurationDelegate : Bootstrapping Spring Data JPA repositories in DEFAULT mode.
2025-09-11T04:00:54.644+09:00  INFO 55277 --- [backend] [           main] .s.d.r.c.RepositoryConfigurationDelegate : Finished Spring Data repository scanning in 0 ms. Found 0 JPA repository interfaces.
2025-09-11T04:00:54.818+09:00  INFO 55277 --- [backend] [           main] o.s.b.w.embedded.tomcat.TomcatWebServer  : Tomcat initialized with port 8080 (http)
2025-09-11T04:00:54.824+09:00  INFO 55277 --- [backend] [           main] o.apache.catalina.core.StandardService   : Starting service [Tomcat]
2025-09-11T04:00:54.824+09:00  INFO 55277 --- [backend] [           main] o.apache.catalina.core.StandardEngine    : Starting Servlet engine: [Apache Tomcat/10.1.44]
2025-09-11T04:00:54.845+09:00  INFO 55277 --- [backend] [           main] o.a.c.c.C.[Tomcat].[localhost].[/]       : Initializing Spring embedded WebApplicationContext
2025-09-11T04:00:54.845+09:00  INFO 55277 --- [backend] [           main] w.s.c.ServletWebServerApplicationContext : Root WebApplicationContext: initialization completed in 452 ms
2025-09-11T04:00:54.878+09:00  WARN 55277 --- [backend] [           main] ConfigServletWebServerApplicationContext : Exception encountered during context initialization - cancelling refresh attempt: org.springframework.beans.factory.BeanCreationException: Error creating bean with name 'entityManagerFactory' defined in class path resource [org/springframework/boot/autoconfigure/orm/jpa/HibernateJpaConfiguration.class]: Failed to initialize dependency 'dataSourceScriptDatabaseInitializer' of LoadTimeWeaverAware bean 'entityManagerFactory': Error creating bean with name 'dataSourceScriptDatabaseInitializer' defined in class path resource [org/springframework/boot/autoconfigure/sql/init/DataSourceInitializationConfiguration.class]: Unsatisfied dependency expressed through method 'dataSourceScriptDatabaseInitializer' parameter 0: Error creating bean with name 'dataSource' defined in class path resource [org/springframework/boot/autoconfigure/jdbc/DataSourceConfiguration$Hikari.class]: Failed to instantiate [com.zaxxer.hikari.HikariDataSource]: Factory method 'dataSource' threw exception with message: Failed to determine a suitable driver class
2025-09-11T04:00:54.879+09:00  INFO 55277 --- [backend] [           main] o.apache.catalina.core.StandardService   : Stopping service [Tomcat]
2025-09-11T04:00:54.887+09:00  INFO 55277 --- [backend] [           main] .s.b.a.l.ConditionEvaluationReportLogger : 

Error starting ApplicationContext. To display the condition evaluation report re-run your application with 'debug' enabled.
2025-09-11T04:00:54.893+09:00 ERROR 55277 --- [backend] [           main] o.s.b.d.LoggingFailureAnalysisReporter   : 

***************************
APPLICATION FAILED TO START
***************************

Description:

Failed to configure a DataSource: 'url' attribute is not specified and no embedded datasource could be configured.

Reason: Failed to determine a suitable driver class


Action:

Consider the following:
	If you want an embedded database (H2, HSQL or Derby), please put it on the classpath.
	If you have database settings to be loaded from a particular profile you may need to activate it (no profiles are currently active).


FAILURE: Build failed with an exception.

* What went wrong:
Execution failed for task ':bootRun'.
> Process 'command '/usr/lib/jvm/java-17-openjdk-amd64/bin/java'' finished with non-zero exit value 1

* Try:
> Run with --debug option to get more log output.
> Run with --scan to get full insights.
> Get more help at https://help.gradle.org.

* Exception is:
org.gradle.api.tasks.TaskExecutionException: Execution failed for task ':bootRun'.
	at org.gradle.api.internal.tasks.execution.ExecuteActionsTaskExecuter.lambda$executeIfValid$1(ExecuteActionsTaskExecuter.java:130)
	at org.gradle.internal.Try$Failure.ifSuccessfulOrElse(Try.java:293)
	at org.gradle.api.internal.tasks.execution.ExecuteActionsTaskExecuter.executeIfValid(ExecuteActionsTaskExecuter.java:128)
	at org.gradle.api.internal.tasks.execution.ExecuteActionsTaskExecuter.execute(ExecuteActionsTaskExecuter.java:116)
	at org.gradle.api.internal.tasks.execution.ProblemsTaskPathTrackingTaskExecuter.execute(ProblemsTaskPathTrackingTaskExecuter.java:41)
	at org.gradle.api.internal.tasks.execution.FinalizePropertiesTaskExecuter.execute(FinalizePropertiesTaskExecuter.java:46)
	at org.gradle.api.internal.tasks.execution.ResolveTaskExecutionModeExecuter.execute(ResolveTaskExecutionModeExecuter.java:51)
	at org.gradle.api.internal.tasks.execution.SkipTaskWithNoActionsExecuter.execute(SkipTaskWithNoActionsExecuter.java:57)
	at org.gradle.api.internal.tasks.execution.SkipOnlyIfTaskExecuter.execute(SkipOnlyIfTaskExecuter.java:74)
	at org.gradle.api.internal.tasks.execution.CatchExceptionTaskExecuter.execute(CatchExceptionTaskExecuter.java:36)
	at org.gradle.api.internal.tasks.execution.EventFiringTaskExecuter$1.executeTask(EventFiringTaskExecuter.java:77)
	at org.gradle.api.internal.tasks.execution.EventFiringTaskExecuter$1.call(EventFiringTaskExecuter.java:55)
	at org.gradle.api.internal.tasks.execution.EventFiringTaskExecuter$1.call(EventFiringTaskExecuter.java:52)
	at org.gradle.internal.operations.DefaultBuildOperationRunner$CallableBuildOperationWorker.execute(DefaultBuildOperationRunner.java:210)
	at org.gradle.internal.operations.DefaultBuildOperationRunner$CallableBuildOperationWorker.execute(DefaultBuildOperationRunner.java:205)
	at org.gradle.internal.operations.DefaultBuildOperationRunner$2.execute(DefaultBuildOperationRunner.java:67)
	at org.gradle.internal.operations.DefaultBuildOperationRunner$2.execute(DefaultBuildOperationRunner.java:60)
	at org.gradle.internal.operations.DefaultBuildOperationRunner.execute(DefaultBuildOperationRunner.java:167)
	at org.gradle.internal.operations.DefaultBuildOperationRunner.execute(DefaultBuildOperationRunner.java:60)
	at org.gradle.internal.operations.DefaultBuildOperationRunner.call(DefaultBuildOperationRunner.java:54)
	at org.gradle.api.internal.tasks.execution.EventFiringTaskExecuter.execute(EventFiringTaskExecuter.java:52)
	at org.gradle.execution.plan.LocalTaskNodeExecutor.execute(LocalTaskNodeExecutor.java:42)
	at org.gradle.execution.taskgraph.DefaultTaskExecutionGraph$InvokeNodeExecutorsAction.execute(DefaultTaskExecutionGraph.java:331)
	at org.gradle.execution.taskgraph.DefaultTaskExecutionGraph$InvokeNodeExecutorsAction.execute(DefaultTaskExecutionGraph.java:318)
	at org.gradle.execution.taskgraph.DefaultTaskExecutionGraph$BuildOperationAwareExecutionAction.lambda$execute$0(DefaultTaskExecutionGraph.java:314)
	at org.gradle.internal.operations.CurrentBuildOperationRef.with(CurrentBuildOperationRef.java:85)
	at org.gradle.execution.taskgraph.DefaultTaskExecutionGraph$BuildOperationAwareExecutionAction.execute(DefaultTaskExecutionGraph.java:314)
	at org.gradle.execution.taskgraph.DefaultTaskExecutionGraph$BuildOperationAwareExecutionAction.execute(DefaultTaskExecutionGraph.java:303)
	at org.gradle.execution.plan.DefaultPlanExecutor$ExecutorWorker.execute(DefaultPlanExecutor.java:459)
	at org.gradle.execution.plan.DefaultPlanExecutor$ExecutorWorker.run(DefaultPlanExecutor.java:376)
	at org.gradle.internal.concurrent.ExecutorPolicy$CatchAndRecordFailures.onExecute(ExecutorPolicy.java:64)
	at org.gradle.internal.concurrent.AbstractManagedExecutor$1.run(AbstractManagedExecutor.java:48)
Caused by: org.gradle.process.internal.ExecException: Process 'command '/usr/lib/jvm/java-17-openjdk-amd64/bin/java'' finished with non-zero exit value 1
	at org.gradle.process.internal.DefaultExecHandle$ExecResultImpl.assertNormalExitValue(DefaultExecHandle.java:442)
	at org.gradle.process.internal.DefaultJavaExecAction.execute(DefaultJavaExecAction.java:58)
	at org.gradle.api.tasks.JavaExec.exec(JavaExec.java:166)
	at org.springframework.boot.gradle.tasks.run.BootRun.exec(BootRun.java:75)
	at java.base/jdk.internal.reflect.NativeMethodAccessorImpl.invoke0(Native Method)
	at java.base/jdk.internal.reflect.NativeMethodAccessorImpl.invoke(NativeMethodAccessorImpl.java:77)
	at java.base/jdk.internal.reflect.DelegatingMethodAccessorImpl.invoke(DelegatingMethodAccessorImpl.java:43)
	at org.gradle.internal.reflect.JavaMethod.invoke(JavaMethod.java:125)
	at org.gradle.api.internal.project.taskfactory.StandardTaskAction.doExecute(StandardTaskAction.java:58)
	at org.gradle.api.internal.project.taskfactory.StandardTaskAction.execute(StandardTaskAction.java:51)
	at org.gradle.api.internal.project.taskfactory.StandardTaskAction.execute(StandardTaskAction.java:29)
	at org.gradle.api.internal.tasks.execution.TaskExecution$3.run(TaskExecution.java:244)
	at org.gradle.internal.operations.DefaultBuildOperationRunner$1.execute(DefaultBuildOperationRunner.java:30)
	at org.gradle.internal.operations.DefaultBuildOperationRunner$1.execute(DefaultBuildOperationRunner.java:27)
	at org.gradle.internal.operations.DefaultBuildOperationRunner$2.execute(DefaultBuildOperationRunner.java:67)
	at org.gradle.internal.operations.DefaultBuildOperationRunner$2.execute(DefaultBuildOperationRunner.java:60)
	at org.gradle.internal.operations.DefaultBuildOperationRunner.execute(DefaultBuildOperationRunner.java:167)
	at org.gradle.internal.operations.DefaultBuildOperationRunner.execute(DefaultBuildOperationRunner.java:60)
	at org.gradle.internal.operations.DefaultBuildOperationRunner.run(DefaultBuildOperationRunner.java:48)
	at org.gradle.api.internal.tasks.execution.TaskExecution.executeAction(TaskExecution.java:229)
	at org.gradle.api.internal.tasks.execution.TaskExecution.executeActions(TaskExecution.java:212)
	at org.gradle.api.internal.tasks.execution.TaskExecution.executeWithPreviousOutputFiles(TaskExecution.java:195)
	at org.gradle.api.internal.tasks.execution.TaskExecution.execute(TaskExecution.java:162)
	at org.gradle.internal.execution.steps.ExecuteStep.executeInternal(ExecuteStep.java:105)
	at org.gradle.internal.execution.steps.ExecuteStep.access$000(ExecuteStep.java:44)
	at org.gradle.internal.execution.steps.ExecuteStep$1.call(ExecuteStep.java:59)
	at org.gradle.internal.execution.steps.ExecuteStep$1.call(ExecuteStep.java:56)
	at org.gradle.internal.operations.DefaultBuildOperationRunner$CallableBuildOperationWorker.execute(DefaultBuildOperationRunner.java:210)
	at org.gradle.internal.operations.DefaultBuildOperationRunner$CallableBuildOperationWorker.execute(DefaultBuildOperationRunner.java:205)
	at org.gradle.internal.operations.DefaultBuildOperationRunner$2.execute(DefaultBuildOperationRunner.java:67)
	at org.gradle.internal.operations.DefaultBuildOperationRunner$2.execute(DefaultBuildOperationRunner.java:60)
	at org.gradle.internal.operations.DefaultBuildOperationRunner.execute(DefaultBuildOperationRunner.java:167)
	at org.gradle.internal.operations.DefaultBuildOperationRunner.execute(DefaultBuildOperationRunner.java:60)
	at org.gradle.internal.operations.DefaultBuildOperationRunner.call(DefaultBuildOperationRunner.java:54)
	at org.gradle.internal.execution.steps.ExecuteStep.execute(ExecuteStep.java:56)
	at org.gradle.internal.execution.steps.ExecuteStep.execute(ExecuteStep.java:44)
	at org.gradle.internal.execution.steps.CancelExecutionStep.execute(CancelExecutionStep.java:42)
	at org.gradle.internal.execution.steps.TimeoutStep.executeWithoutTimeout(TimeoutStep.java:75)
	at org.gradle.internal.execution.steps.TimeoutStep.execute(TimeoutStep.java:55)
	at org.gradle.internal.execution.steps.PreCreateOutputParentsStep.execute(PreCreateOutputParentsStep.java:50)
	at org.gradle.internal.execution.steps.PreCreateOutputParentsStep.execute(PreCreateOutputParentsStep.java:28)
	at org.gradle.internal.execution.steps.RemovePreviousOutputsStep.execute(RemovePreviousOutputsStep.java:67)
	at org.gradle.internal.execution.steps.RemovePreviousOutputsStep.execute(RemovePreviousOutputsStep.java:37)
	at org.gradle.internal.execution.steps.BroadcastChangingOutputsStep.execute(BroadcastChangingOutputsStep.java:61)
	at org.gradle.internal.execution.steps.BroadcastChangingOutputsStep.execute(BroadcastChangingOutputsStep.java:26)
	at org.gradle.internal.execution.steps.CaptureOutputsAfterExecutionStep.execute(CaptureOutputsAfterExecutionStep.java:69)
	at org.gradle.internal.execution.steps.CaptureOutputsAfterExecutionStep.execute(CaptureOutputsAfterExecutionStep.java:46)
	at org.gradle.internal.execution.steps.ResolveInputChangesStep.execute(ResolveInputChangesStep.java:40)
	at org.gradle.internal.execution.steps.ResolveInputChangesStep.execute(ResolveInputChangesStep.java:29)
	at org.gradle.internal.execution.steps.BuildCacheStep.executeWithoutCache(BuildCacheStep.java:189)
	at org.gradle.internal.execution.steps.BuildCacheStep.lambda$execute$1(BuildCacheStep.java:75)
	at org.gradle.internal.Either$Right.fold(Either.java:175)
	at org.gradle.internal.execution.caching.CachingState.fold(CachingState.java:62)
	at org.gradle.internal.execution.steps.BuildCacheStep.execute(BuildCacheStep.java:73)
	at org.gradle.internal.execution.steps.BuildCacheStep.execute(BuildCacheStep.java:48)
	at org.gradle.internal.execution.steps.StoreExecutionStateStep.execute(StoreExecutionStateStep.java:46)
	at org.gradle.internal.execution.steps.StoreExecutionStateStep.execute(StoreExecutionStateStep.java:35)
	at org.gradle.internal.execution.steps.SkipUpToDateStep.executeBecause(SkipUpToDateStep.java:75)
	at org.gradle.internal.execution.steps.SkipUpToDateStep.lambda$execute$2(SkipUpToDateStep.java:53)
	at org.gradle.internal.execution.steps.SkipUpToDateStep.execute(SkipUpToDateStep.java:53)
	at org.gradle.internal.execution.steps.SkipUpToDateStep.execute(SkipUpToDateStep.java:35)
	at org.gradle.internal.execution.steps.legacy.MarkSnapshottingInputsFinishedStep.execute(MarkSnapshottingInputsFinishedStep.java:37)
	at org.gradle.internal.execution.steps.legacy.MarkSnapshottingInputsFinishedStep.execute(MarkSnapshottingInputsFinishedStep.java:27)
	at org.gradle.internal.execution.steps.ResolveIncrementalCachingStateStep.executeDelegate(ResolveIncrementalCachingStateStep.java:49)
	at org.gradle.internal.execution.steps.ResolveIncrementalCachingStateStep.executeDelegate(ResolveIncrementalCachingStateStep.java:27)
	at org.gradle.internal.execution.steps.AbstractResolveCachingStateStep.execute(AbstractResolveCachingStateStep.java:71)
	at org.gradle.internal.execution.steps.AbstractResolveCachingStateStep.execute(AbstractResolveCachingStateStep.java:39)
	at org.gradle.internal.execution.steps.ResolveChangesStep.execute(ResolveChangesStep.java:65)
	at org.gradle.internal.execution.steps.ResolveChangesStep.execute(ResolveChangesStep.java:36)
	at org.gradle.internal.execution.steps.ValidateStep.execute(ValidateStep.java:107)
	at org.gradle.internal.execution.steps.ValidateStep.execute(ValidateStep.java:56)
	at org.gradle.internal.execution.steps.AbstractCaptureStateBeforeExecutionStep.execute(AbstractCaptureStateBeforeExecutionStep.java:64)
	at org.gradle.internal.execution.steps.AbstractCaptureStateBeforeExecutionStep.execute(AbstractCaptureStateBeforeExecutionStep.java:43)
	at org.gradle.internal.execution.steps.AbstractSkipEmptyWorkStep.executeWithNonEmptySources(AbstractSkipEmptyWorkStep.java:125)
	at org.gradle.internal.execution.steps.AbstractSkipEmptyWorkStep.execute(AbstractSkipEmptyWorkStep.java:56)
	at org.gradle.internal.execution.steps.AbstractSkipEmptyWorkStep.execute(AbstractSkipEmptyWorkStep.java:36)
	at org.gradle.internal.execution.steps.legacy.MarkSnapshottingInputsStartedStep.execute(MarkSnapshottingInputsStartedStep.java:38)
	at org.gradle.internal.execution.steps.LoadPreviousExecutionStateStep.execute(LoadPreviousExecutionStateStep.java:36)
	at org.gradle.internal.execution.steps.LoadPreviousExecutionStateStep.execute(LoadPreviousExecutionStateStep.java:23)
	at org.gradle.internal.execution.steps.HandleStaleOutputsStep.execute(HandleStaleOutputsStep.java:75)
	at org.gradle.internal.execution.steps.HandleStaleOutputsStep.execute(HandleStaleOutputsStep.java:41)
	at org.gradle.internal.execution.steps.AssignMutableWorkspaceStep.lambda$execute$0(AssignMutableWorkspaceStep.java:35)
	at org.gradle.api.internal.tasks.execution.TaskExecution$4.withWorkspace(TaskExecution.java:289)
	at org.gradle.internal.execution.steps.AssignMutableWorkspaceStep.execute(AssignMutableWorkspaceStep.java:31)
	at org.gradle.internal.execution.steps.AssignMutableWorkspaceStep.execute(AssignMutableWorkspaceStep.java:22)
	at org.gradle.internal.execution.steps.ChoosePipelineStep.execute(ChoosePipelineStep.java:40)
	at org.gradle.internal.execution.steps.ChoosePipelineStep.execute(ChoosePipelineStep.java:23)
	at org.gradle.internal.execution.steps.ExecuteWorkBuildOperationFiringStep.lambda$execute$2(ExecuteWorkBuildOperationFiringStep.java:67)
	at org.gradle.internal.execution.steps.ExecuteWorkBuildOperationFiringStep.execute(ExecuteWorkBuildOperationFiringStep.java:67)
	at org.gradle.internal.execution.steps.ExecuteWorkBuildOperationFiringStep.execute(ExecuteWorkBuildOperationFiringStep.java:39)
	at org.gradle.internal.execution.steps.IdentityCacheStep.execute(IdentityCacheStep.java:46)
	at org.gradle.internal.execution.steps.IdentityCacheStep.execute(IdentityCacheStep.java:34)
	at org.gradle.internal.execution.steps.IdentifyStep.execute(IdentifyStep.java:48)
	at org.gradle.internal.execution.steps.IdentifyStep.execute(IdentifyStep.java:35)
	at org.gradle.internal.execution.impl.DefaultExecutionEngine$1.execute(DefaultExecutionEngine.java:64)
	at org.gradle.api.internal.tasks.execution.ExecuteActionsTaskExecuter.executeIfValid(ExecuteActionsTaskExecuter.java:127)
	at org.gradle.api.internal.tasks.execution.ExecuteActionsTaskExecuter.execute(ExecuteActionsTaskExecuter.java:116)
	at org.gradle.api.internal.tasks.execution.ProblemsTaskPathTrackingTaskExecuter.execute(ProblemsTaskPathTrackingTaskExecuter.java:41)
	at org.gradle.api.internal.tasks.execution.FinalizePropertiesTaskExecuter.execute(FinalizePropertiesTaskExecuter.java:46)
	at org.gradle.api.internal.tasks.execution.ResolveTaskExecutionModeExecuter.execute(ResolveTaskExecutionModeExecuter.java:51)
	at org.gradle.api.internal.tasks.execution.SkipTaskWithNoActionsExecuter.execute(SkipTaskWithNoActionsExecuter.java:57)
	at org.gradle.api.internal.tasks.execution.SkipOnlyIfTaskExecuter.execute(SkipOnlyIfTaskExecuter.java:74)
	at org.gradle.api.internal.tasks.execution.CatchExceptionTaskExecuter.execute(CatchExceptionTaskExecuter.java:36)
	at org.gradle.api.internal.tasks.execution.EventFiringTaskExecuter$1.executeTask(EventFiringTaskExecuter.java:77)
	at org.gradle.api.internal.tasks.execution.EventFiringTaskExecuter$1.call(EventFiringTaskExecuter.java:55)
	at org.gradle.api.internal.tasks.execution.EventFiringTaskExecuter$1.call(EventFiringTaskExecuter.java:52)
	at org.gradle.internal.operations.DefaultBuildOperationRunner$CallableBuildOperationWorker.execute(DefaultBuildOperationRunner.java:210)
	at org.gradle.internal.operations.DefaultBuildOperationRunner$CallableBuildOperationWorker.execute(DefaultBuildOperationRunner.java:205)
	at org.gradle.internal.operations.DefaultBuildOperationRunner$2.execute(DefaultBuildOperationRunner.java:67)
	at org.gradle.internal.operations.DefaultBuildOperationRunner$2.execute(DefaultBuildOperationRunner.java:60)
	at org.gradle.internal.operations.DefaultBuildOperationRunner.execute(DefaultBuildOperationRunner.java:167)
	at org.gradle.internal.operations.DefaultBuildOperationRunner.execute(DefaultBuildOperationRunner.java:60)
	at org.gradle.internal.operations.DefaultBuildOperationRunner.call(DefaultBuildOperationRunner.java:54)
	at org.gradle.api.internal.tasks.execution.EventFiringTaskExecuter.execute(EventFiringTaskExecuter.java:52)
	at org.gradle.execution.plan.LocalTaskNodeExecutor.execute(LocalTaskNodeExecutor.java:42)
	at org.gradle.execution.taskgraph.DefaultTaskExecutionGraph$InvokeNodeExecutorsAction.execute(DefaultTaskExecutionGraph.java:331)
	at org.gradle.execution.taskgraph.DefaultTaskExecutionGraph$InvokeNodeExecutorsAction.execute(DefaultTaskExecutionGraph.java:318)
	at org.gradle.execution.taskgraph.DefaultTaskExecutionGraph$BuildOperationAwareExecutionAction.lambda$execute$0(DefaultTaskExecutionGraph.java:314)
	at org.gradle.internal.operations.CurrentBuildOperationRef.with(CurrentBuildOperationRef.java:85)
	at org.gradle.execution.taskgraph.DefaultTaskExecutionGraph$BuildOperationAwareExecutionAction.execute(DefaultTaskExecutionGraph.java:314)
	at org.gradle.execution.taskgraph.DefaultTaskExecutionGraph$BuildOperationAwareExecutionAction.execute(DefaultTaskExecutionGraph.java:303)
	at org.gradle.execution.plan.DefaultPlanExecutor$ExecutorWorker.execute(DefaultPlanExecutor.java:459)
	at org.gradle.execution.plan.DefaultPlanExecutor$ExecutorWorker.run(DefaultPlanExecutor.java:376)
	at org.gradle.internal.concurrent.ExecutorPolicy$CatchAndRecordFailures.onExecute(ExecutorPolicy.java:64)
	at org.gradle.internal.concurrent.AbstractManagedExecutor$1.run(AbstractManagedExecutor.java:48)


BUILD FAILED in 1s
4 actionable tasks: 1 executed, 3 up-to-date
